SF:lib/app/app_controller.dart
DA:11,1
DA:13,2
LF:2
LH:2
end_of_record
SF:lib/app/app_controller.g.dart
DA:14,1
DA:16,2
DA:17,1
DA:20,1
DA:22,4
DA:23,1
DA:30,1
DA:32,2
DA:35,1
DA:37,2
DA:41,0
DA:44,0
DA:45,0
LF:13
LH:10
end_of_record
SF:lib/app/app_module.dart
DA:8,2
DA:9,2
DA:10,4
DA:13,0
DA:14,0
DA:15,0
DA:18,0
DA:19,0
DA:21,2
LF:9
LH:4
end_of_record
SF:lib/app/app_widget.dart
DA:5,0
DA:7,0
DA:8,0
DA:10,0
LF:4
LH:0
end_of_record
SF:lib/app/modules/home/home_module.dart
DA:6,2
DA:7,2
DA:8,6
DA:11,0
DA:12,0
DA:13,0
DA:16,2
LF:7
LH:4
end_of_record
SF:lib/app/modules/home/home_controller.g.dart
DA:14,1
DA:16,2
DA:17,1
DA:20,1
DA:22,4
DA:23,1
DA:30,1
DA:32,2
DA:35,1
DA:37,2
DA:41,0
DA:44,0
DA:45,0
LF:13
LH:10
end_of_record
SF:lib/app/modules/home/home_controller.dart
DA:11,1
DA:13,2
LF:2
LH:2
end_of_record
SF:lib/app/modules/home/home_page.dart
DA:7,2
DA:9,1
DA:10,1
DA:16,1
DA:18,1
DA:19,1
DA:20,3
DA:22,1
DA:23,1
LF:9
LH:9
end_of_record
